<?xml version="1.0" encoding="UTF-8"?>
<!-- Generated by org.testng.reporters.JUnitReportReporter -->
<testsuite hostname="LAPTOP-JJI4PPIN" failures="0" tests="1" name="com.stylopay.script.DoDailyScriptExecution" time="22.130" errors="0" timestamp="2022-01-27T15:41:43 IST" skipped="0">
  <testcase classname="com.stylopay.script.DoDailyScriptExecution" name="executeDailyScript" time="22.130"/>
  <system-out/>
</testsuite> <!-- com.stylopay.script.DoDailyScriptExecution -->
